C:\Program Files (x86)\Microsoft Visual Studio\2019\Community\MSBuild\Microsoft\VC\v160\Microsoft.CppBuild.targets(467,5): warning MSB8028: The intermediate directory (Debug\) contains files shared from another project (ahahahahaha.vcxproj).  This can lead to incorrect clean and rebuild behavior.
  universitas_cambridge
C:\Users\ericp\source\repos\ahahahahaha\ahahahahaha\universitas_cambridge(30,21): warning C4244: 'initializing': conversion from 'double' to 'float', possible loss of data
C:\Users\ericp\source\repos\ahahahahaha\ahahahahaha\universitas_cambridge(31,23): warning C4244: 'initializing': conversion from 'double' to 'float', possible loss of data
C:\Users\ericp\source\repos\ahahahahaha\ahahahahaha\universitas_cambridge(32,23): warning C4244: 'initializing': conversion from 'double' to 'float', possible loss of data
C:\Users\ericp\source\repos\ahahahahaha\ahahahahaha\universitas_cambridge(33,38): warning C4244: 'argument': conversion from 'int' to 'GLfloat', possible loss of data
C:\Users\ericp\source\repos\ahahahahaha\ahahahahaha\universitas_cambridge(212,24): warning C4305: 'argument': truncation from 'double' to 'GLfloat'
C:\Users\ericp\source\repos\ahahahahaha\ahahahahaha\universitas_cambridge(289,28): warning C4305: 'argument': truncation from 'double' to 'GLfloat'
C:\Users\ericp\source\repos\ahahahahaha\ahahahahaha\universitas_cambridge(298,28): warning C4305: 'argument': truncation from 'double' to 'GLfloat'
C:\Users\ericp\source\repos\ahahahahaha\ahahahahaha\universitas_cambridge(306,28): warning C4305: 'argument': truncation from 'double' to 'GLfloat'
C:\Users\ericp\source\repos\ahahahahaha\ahahahahaha\universitas_cambridge(313,28): warning C4305: 'argument': truncation from 'double' to 'GLfloat'
C:\Users\ericp\source\repos\ahahahahaha\ahahahahaha\universitas_cambridge(321,28): warning C4305: 'argument': truncation from 'double' to 'GLfloat'
C:\Users\ericp\source\repos\ahahahahaha\ahahahahaha\universitas_cambridge(329,28): warning C4305: 'argument': truncation from 'double' to 'GLfloat'
C:\Users\ericp\source\repos\ahahahahaha\ahahahahaha\universitas_cambridge(354,28): warning C4305: 'argument': truncation from 'double' to 'GLfloat'
C:\Users\ericp\source\repos\ahahahahaha\ahahahahaha\universitas_cambridge(362,29): warning C4305: 'argument': truncation from 'double' to 'GLfloat'
C:\Users\ericp\source\repos\ahahahahaha\ahahahahaha\universitas_cambridge(409,28): warning C4305: 'argument': truncation from 'double' to 'GLfloat'
C:\Users\ericp\source\repos\ahahahahaha\ahahahahaha\universitas_cambridge(418,29): warning C4305: 'argument': truncation from 'double' to 'GLfloat'
C:\Users\ericp\source\repos\ahahahahaha\ahahahahaha\universitas_cambridge(425,29): warning C4305: 'argument': truncation from 'double' to 'GLfloat'
C:\Users\ericp\source\repos\ahahahahaha\ahahahahaha\universitas_cambridge(752,29): warning C4305: 'argument': truncation from 'double' to 'GLfloat'
C:\Users\ericp\source\repos\ahahahahaha\ahahahahaha\universitas_cambridge(768,28): warning C4305: 'argument': truncation from 'double' to 'GLfloat'
C:\Users\ericp\source\repos\ahahahahaha\ahahahahaha\universitas_cambridge(840,29): warning C4305: 'argument': truncation from 'double' to 'GLfloat'
C:\Users\ericp\source\repos\ahahahahaha\ahahahahaha\universitas_cambridge(848,29): warning C4305: 'argument': truncation from 'double' to 'GLfloat'
C:\Users\ericp\source\repos\ahahahahaha\ahahahahaha\universitas_cambridge(856,29): warning C4305: 'argument': truncation from 'double' to 'GLfloat'
C:\Users\ericp\source\repos\ahahahahaha\ahahahahaha\universitas_cambridge(864,29): warning C4305: 'argument': truncation from 'double' to 'GLfloat'
C:\Users\ericp\source\repos\ahahahahaha\ahahahahaha\universitas_cambridge(872,29): warning C4305: 'argument': truncation from 'double' to 'GLfloat'
C:\Users\ericp\source\repos\ahahahahaha\ahahahahaha\universitas_cambridge(880,29): warning C4305: 'argument': truncation from 'double' to 'GLfloat'
C:\Users\ericp\source\repos\ahahahahaha\ahahahahaha\universitas_cambridge(888,28): warning C4305: 'argument': truncation from 'double' to 'GLfloat'
C:\Users\ericp\source\repos\ahahahahaha\ahahahahaha\universitas_cambridge(906,28): warning C4305: 'argument': truncation from 'double' to 'GLfloat'
C:\Users\ericp\source\repos\ahahahahaha\ahahahahaha\universitas_cambridge(1013,24): warning C4244: '=': conversion from 'int' to 'float', possible loss of data
C:\Users\ericp\source\repos\ahahahahaha\ahahahahaha\universitas_cambridge(1014,24): warning C4244: '=': conversion from 'int' to 'float', possible loss of data
C:\Users\ericp\source\repos\ahahahahaha\ahahahahaha\universitas_cambridge(1026,16): warning C4244: '=': conversion from 'int' to 'float', possible loss of data
C:\Users\ericp\source\repos\ahahahahaha\ahahahahaha\universitas_cambridge(1027,16): warning C4244: '=': conversion from 'int' to 'float', possible loss of data
  ahahahahaha.vcxproj -> C:\Users\ericp\source\repos\ahahahahaha\Debug\TR_GRAFIKA_KOMPUTER.exe
